<?xml version="1.0" encoding="UTF-8"?>
<!-- Generated by org.testng.reporters.JUnitReportReporter -->
<testsuite skipped="0" hostname="Onur-MacBook-Pro.local" name="testClass" tests="7" failures="0" timestamp="2021-06-17T00:53:21 EET" time="16.363" errors="0">
  <testcase name="T3_Get_BookingDetails" time="1.007" classname="testClass"/>
  <system-out/>
  <testcase name="T5_Update_Booking" time="2.474" classname="testClass"/>
  <system-out/>
  <testcase name="T1_Create_Token" time="5.883" classname="testClass"/>
  <system-out/>
  <testcase name="T4_Create_Booking" time="0.960" classname="testClass"/>
  <system-out/>
  <testcase name="T2_Get_BookingID" time="0.924" classname="testClass"/>
  <system-out/>
  <testcase name="T6_PartialUpdate_Booking" time="2.713" classname="testClass"/>
  <system-out/>
  <testcase name="T7_Delete_Booking" time="2.402" classname="testClass"/>
  <system-out/>
</testsuite> <!-- testClass -->
